<?xml version="1.0" encoding="UTF-8"?>
<!-- Generated by org.testng.reporters.JUnitReportReporter -->
<testsuite hostname="EC2AMAZ-8K1VTOL" failures="0" tests="1" name="lamdatest.SimpleFormDemo" time="5.845" errors="0" timestamp="2022-01-11T10:30:53 GMT" skipped="0">
  <testcase classname="lamdatest.SimpleFormDemo" name="testCase01" time="5.845"/>
  <system-out/>
</testsuite> <!-- lamdatest.SimpleFormDemo -->
