<?xml version="1.0" encoding="UTF-8"?>
<!-- Generated by org.testng.reporters.JUnitReportReporter -->
<testsuite hostname="EC2AMAZ-8K1VTOL" failures="0" tests="1" name="lamdatest.DragAndDropSliders" time="6.422" errors="0" timestamp="2022-01-11T10:30:53 GMT" skipped="0">
  <testcase classname="lamdatest.DragAndDropSliders" name="testCase02" time="6.422"/>
  <system-out/>
</testsuite> <!-- lamdatest.DragAndDropSliders -->
